# JRE version: Java(TM) SE Runtime Environment (8.0_60-b27) (build 1.8.0_60-b27)
# Java VM: Java HotSpot(TM) 64-Bit Server VM (25.60-b23 mixed mode linux-amd64 compressed oops)
Heap:
 PSYoungGen      total 1111552K, used 388266K [0x000000076d100000, 0x00000007bd900000, 0x00000007c0000000)
  eden space 1064960K, 36% used [0x000000076d100000,0x0000000784c2abc8,0x00000007ae100000)
  from space 46592K, 0% used [0x00000007ae100000,0x00000007ae100000,0x00000007b0e80000)
  to   space 126976K, 0% used [0x00000007b5d00000,0x00000007b5d00000,0x00000007bd900000)
 ParOldGen       total 355840K, used 188873K [0x00000006c7200000, 0x00000006dcd80000, 0x000000076d100000)
  object space 355840K, 53% used [0x00000006c7200000,0x00000006d2a725a8,0x00000006dcd80000)
 Metaspace       used 93975K, capacity 95213K, committed 95348K, reserved 1132544K
  class space    used 11159K, capacity 11431K, committed 11436K, reserved 1048576K
GC Heap History (10 events):
Event: 25.633 GC heap before
{Heap before GC invocations=20 (full 4):
 PSYoungGen      total 1181184K, used 10331K [0x000000076d100000, 0x00000007bef00000, 0x00000007c0000000)
  eden space 1038336K, 0% used [0x000000076d100000,0x000000076d100000,0x00000007ac700000)
  from space 142848K, 7% used [0x00000007b6380000,0x00000007b6d96de8,0x00000007bef00000)
  to   space 151552K, 0% used [0x00000007ac700000,0x00000007ac700000,0x00000007b5b00000)
 ParOldGen       total 261120K, used 128216K [0x00000006c7200000, 0x00000006d7100000, 0x000000076d100000)
  object space 261120K, 49% used [0x00000006c7200000,0x00000006cef36198,0x00000006d7100000)
 Metaspace       used 66164K, capacity 66863K, committed 66968K, reserved 1107968K
  class space    used 7777K, capacity 7932K, committed 7980K, reserved 1048576K
Event: 26.156 GC heap after
Heap after GC invocations=20 (full 4):
 PSYoungGen      total 1181184K, used 0K [0x000000076d100000, 0x00000007bef00000, 0x00000007c0000000)
  eden space 1038336K, 0% used [0x000000076d100000,0x000000076d100000,0x00000007ac700000)
  from space 142848K, 0% used [0x00000007b6380000,0x00000007b6380000,0x00000007bef00000)
  to   space 151552K, 0% used [0x00000007ac700000,0x00000007ac700000,0x00000007b5b00000)
 ParOldGen       total 355840K, used 120905K [0x00000006c7200000, 0x00000006dcd80000, 0x000000076d100000)
  object space 355840K, 33% used [0x00000006c7200000,0x00000006ce8127d8,0x00000006dcd80000)
 Metaspace       used 66164K, capacity 66863K, committed 66968K, reserved 1107968K
  class space    used 7777K, capacity 7932K, committed 7980K, reserved 1048576K
}
Event: 38.567 GC heap before
{Heap before GC invocations=21 (full 4):
 PSYoungGen      total 1181184K, used 1038336K [0x000000076d100000, 0x00000007bef00000, 0x00000007c0000000)
  eden space 1038336K, 100% used [0x000000076d100000,0x00000007ac700000,0x00000007ac700000)
  from space 142848K, 0% used [0x00000007b6380000,0x00000007b6380000,0x00000007bef00000)
  to   space 151552K, 0% used [0x00000007ac700000,0x00000007ac700000,0x00000007b5b00000)
 ParOldGen       total 355840K, used 120905K [0x00000006c7200000, 0x00000006dcd80000, 0x000000076d100000)
  object space 355840K, 33% used [0x00000006c7200000,0x00000006ce8127d8,0x00000006dcd80000)
 Metaspace       used 69994K, capacity 70843K, committed 71156K, reserved 1112064K
  class space    used 8197K, capacity 8388K, committed 8492K, reserved 1048576K
Event: 38.627 GC heap after
Heap after GC invocations=21 (full 4):
 PSYoungGen      total 1189888K, used 50102K [0x000000076d100000, 0x00000007bf680000, 0x00000007c0000000)
  eden space 1038336K, 0% used [0x000000076d100000,0x000000076d100000,0x00000007ac700000)
  from space 151552K, 33% used [0x00000007ac700000,0x00000007af7edb50,0x00000007b5b00000)
  to   space 142336K, 0% used [0x00000007b6b80000,0x00000007b6b80000,0x00000007bf680000)
 ParOldGen       total 355840K, used 120913K [0x00000006c7200000, 0x00000006dcd80000, 0x000000076d100000)
  object space 355840K, 33% used [0x00000006c7200000,0x00000006ce8147d8,0x00000006dcd80000)
 Metaspace       used 69994K, capacity 70843K, committed 71156K, reserved 1112064K
  class space    used 8197K, capacity 8388K, committed 8492K, reserved 1048576K
}
Event: 46.468 GC heap before
{Heap before GC invocations=22 (full 4):
 PSYoungGen      total 1189888K, used 1088438K [0x000000076d100000, 0x00000007bf680000, 0x00000007c0000000)
  eden space 1038336K, 100% used [0x000000076d100000,0x00000007ac700000,0x00000007ac700000)
  from space 151552K, 33% used [0x00000007ac700000,0x00000007af7edb50,0x00000007b5b00000)
  to   space 142336K, 0% used [0x00000007b6b80000,0x00000007b6b80000,0x00000007bf680000)
 ParOldGen       total 355840K, used 120913K [0x00000006c7200000, 0x00000006dcd80000, 0x000000076d100000)
  object space 355840K, 33% used [0x00000006c7200000,0x00000006ce8147d8,0x00000006dcd80000)
 Metaspace       used 78639K, capacity 79595K, committed 79732K, reserved 1120256K
  class space    used 9134K, capacity 9324K, committed 9388K, reserved 1048576K
Event: 46.538 GC heap after
Heap after GC invocations=22 (full 4):
 PSYoungGen      total 1193472K, used 31725K [0x000000076d100000, 0x00000007be900000, 0x00000007c0000000)
  eden space 1064960K, 0% used [0x000000076d100000,0x000000076d100000,0x00000007ae100000)
  from space 128512K, 24% used [0x00000007b6b80000,0x00000007b8a7b558,0x00000007be900000)
  to   space 135168K, 0% used [0x00000007ae100000,0x00000007ae100000,0x00000007b6500000)
 ParOldGen       total 355840K, used 168450K [0x00000006c7200000, 0x00000006dcd80000, 0x000000076d100000)
  object space 355840K, 47% used [0x00000006c7200000,0x00000006d16809d0,0x00000006dcd80000)
 Metaspace       used 78639K, capacity 79595K, committed 79732K, reserved 1120256K
  class space    used 9134K, capacity 9324K, committed 9388K, reserved 1048576K
}
Event: 52.071 GC heap before
{Heap before GC invocations=23 (full 4):
 PSYoungGen      total 1193472K, used 996676K [0x000000076d100000, 0x00000007be900000, 0x00000007c0000000)
  eden space 1064960K, 90% used [0x000000076d100000,0x00000007a7f55b18,0x00000007ae100000)
  from space 128512K, 24% used [0x00000007b6b80000,0x00000007b8a7b558,0x00000007be900000)
  to   space 135168K, 0% used [0x00000007ae100000,0x00000007ae100000,0x00000007b6500000)
 ParOldGen       total 355840K, used 168450K [0x00000006c7200000, 0x00000006dcd80000, 0x000000076d100000)
  object space 355840K, 47% used [0x00000006c7200000,0x00000006d16809d0,0x00000006dcd80000)
 Metaspace       used 88528K, capacity 89493K, committed 89716K, reserved 1128448K
  class space    used 10418K, capacity 10625K, committed 10668K, reserved 1048576K
Event: 52.135 GC heap after
Heap after GC invocations=23 (full 4):
 PSYoungGen      total 1111552K, used 46350K [0x000000076d100000, 0x00000007bd900000, 0x00000007c0000000)
  eden space 1064960K, 0% used [0x000000076d100000,0x000000076d100000,0x00000007ae100000)
  from space 46592K, 99% used [0x00000007ae100000,0x00000007b0e43b20,0x00000007b0e80000)
  to   space 126976K, 0% used [0x00000007b5d00000,0x00000007b5d00000,0x00000007bd900000)
 ParOldGen       total 355840K, used 168458K [0x00000006c7200000, 0x00000006dcd80000, 0x000000076d100000)
  object space 355840K, 47% used [0x00000006c7200000,0x00000006d16829d0,0x00000006dcd80000)
 Metaspace       used 88528K, capacity 89493K, committed 89716K, reserved 1128448K
  class space    used 10418K, capacity 10625K, committed 10668K, reserved 1048576K
}
Event: 52.135 GC heap before
{Heap before GC invocations=24 (full 5):
 PSYoungGen      total 1111552K, used 46350K [0x000000076d100000, 0x00000007bd900000, 0x00000007c0000000)
  eden space 1064960K, 0% used [0x000000076d100000,0x000000076d100000,0x00000007ae100000)
  from space 46592K, 99% used [0x00000007ae100000,0x00000007b0e43b20,0x00000007b0e80000)
  to   space 126976K, 0% used [0x00000007b5d00000,0x00000007b5d00000,0x00000007bd900000)
 ParOldGen       total 355840K, used 168458K [0x00000006c7200000, 0x00000006dcd80000, 0x000000076d100000)
  object space 355840K, 47% used [0x00000006c7200000,0x00000006d16829d0,0x00000006dcd80000)
 Metaspace       used 88528K, capacity 89493K, committed 89716K, reserved 1128448K
  class space    used 10418K, capacity 10625K, committed 10668K, reserved 1048576K
Event: 52.848 GC heap after
Heap after GC invocations=24 (full 5):
 PSYoungGen      total 1111552K, used 0K [0x000000076d100000, 0x00000007bd900000, 0x00000007c0000000)
  eden space 1064960K, 0% used [0x000000076d100000,0x000000076d100000,0x00000007ae100000)
  from space 46592K, 0% used [0x00000007ae100000,0x00000007ae100000,0x00000007b0e80000)
  to   space 126976K, 0% used [0x00000007b5d00000,0x00000007b5d00000,0x00000007bd900000)
 ParOldGen       total 355840K, used 188873K [0x00000006c7200000, 0x00000006dcd80000, 0x000000076d100000)
  object space 355840K, 53% used [0x00000006c7200000,0x00000006d2a725a8,0x00000006dcd80000)
 Metaspace       used 88524K, capacity 89487K, committed 89716K, reserved 1128448K
  class space    used 10417K, capacity 10624K, committed 10668K, reserved 1048576K
}

