# JRE version: Java(TM) SE Runtime Environment (8.0_60-b27) (build 1.8.0_60-b27)
# Java VM: Java HotSpot(TM) 64-Bit Server VM (25.60-b23 mixed mode linux-amd64 compressed oops)
Heap:
 PSYoungGen      total 1121792K, used 402031K [0x000000076d100000, 0x00000007bdd00000, 0x00000007c0000000)
  eden space 1076224K, 37% used [0x000000076d100000,0x000000078599be70,0x00000007aec00000)
  from space 45568K, 0% used [0x00000007aec00000,0x00000007aec00000,0x00000007b1880000)
  to   space 123392K, 0% used [0x00000007b6480000,0x00000007b6480000,0x00000007bdd00000)
 ParOldGen       total 342016K, used 181325K [0x00000006c7200000, 0x00000006dc000000, 0x000000076d100000)
  object space 342016K, 53% used [0x00000006c7200000,0x00000006d2313428,0x00000006dc000000)
 Metaspace       used 94039K, capacity 95343K, committed 95476K, reserved 1132544K
  class space    used 11183K, capacity 11470K, committed 11564K, reserved 1048576K
GC Heap History (10 events):
Event: 25.352 GC heap before
{Heap before GC invocations=20 (full 4):
 PSYoungGen      total 1171968K, used 55299K [0x000000076d100000, 0x00000007be500000, 0x00000007c0000000)
  eden space 1039360K, 0% used [0x000000076d100000,0x000000076d100000,0x00000007ac800000)
  from space 132608K, 41% used [0x00000007b6380000,0x00000007b9980da8,0x00000007be500000)
  to   space 145920K, 0% used [0x00000007ac800000,0x00000007ac800000,0x00000007b5680000)
 ParOldGen       total 245248K, used 70831K [0x00000006c7200000, 0x00000006d6180000, 0x000000076d100000)
  object space 245248K, 28% used [0x00000006c7200000,0x00000006cb72be90,0x00000006d6180000)
 Metaspace       used 66173K, capacity 66853K, committed 66968K, reserved 1107968K
  class space    used 7779K, capacity 7931K, committed 7980K, reserved 1048576K
Event: 25.817 GC heap after
Heap after GC invocations=20 (full 4):
 PSYoungGen      total 1171968K, used 0K [0x000000076d100000, 0x00000007be500000, 0x00000007c0000000)
  eden space 1039360K, 0% used [0x000000076d100000,0x000000076d100000,0x00000007ac800000)
  from space 132608K, 0% used [0x00000007b6380000,0x00000007b6380000,0x00000007be500000)
  to   space 145920K, 0% used [0x00000007ac800000,0x00000007ac800000,0x00000007b5680000)
 ParOldGen       total 342016K, used 115653K [0x00000006c7200000, 0x00000006dc000000, 0x000000076d100000)
  object space 342016K, 33% used [0x00000006c7200000,0x00000006ce2f1650,0x00000006dc000000)
 Metaspace       used 66173K, capacity 66853K, committed 66968K, reserved 1107968K
  class space    used 7779K, capacity 7931K, committed 7980K, reserved 1048576K
}
Event: 38.326 GC heap before
{Heap before GC invocations=21 (full 4):
 PSYoungGen      total 1171968K, used 1039360K [0x000000076d100000, 0x00000007be500000, 0x00000007c0000000)
  eden space 1039360K, 100% used [0x000000076d100000,0x00000007ac800000,0x00000007ac800000)
  from space 132608K, 0% used [0x00000007b6380000,0x00000007b6380000,0x00000007be500000)
  to   space 145920K, 0% used [0x00000007ac800000,0x00000007ac800000,0x00000007b5680000)
 ParOldGen       total 342016K, used 115653K [0x00000006c7200000, 0x00000006dc000000, 0x000000076d100000)
  object space 342016K, 33% used [0x00000006c7200000,0x00000006ce2f1650,0x00000006dc000000)
 Metaspace       used 69976K, capacity 70769K, committed 71156K, reserved 1112064K
  class space    used 8197K, capacity 8387K, committed 8492K, reserved 1048576K
Event: 38.367 GC heap after
Heap after GC invocations=21 (full 4):
 PSYoungGen      total 1185280K, used 47745K [0x000000076d100000, 0x00000007bfb00000, 0x00000007c0000000)
  eden space 1039360K, 0% used [0x000000076d100000,0x000000076d100000,0x00000007ac800000)
  from space 145920K, 32% used [0x00000007ac800000,0x00000007af6a07c8,0x00000007b5680000)
  to   space 136704K, 0% used [0x00000007b7580000,0x00000007b7580000,0x00000007bfb00000)
 ParOldGen       total 342016K, used 115661K [0x00000006c7200000, 0x00000006dc000000, 0x000000076d100000)
  object space 342016K, 33% used [0x00000006c7200000,0x00000006ce2f3650,0x00000006dc000000)
 Metaspace       used 69976K, capacity 70769K, committed 71156K, reserved 1112064K
  class space    used 8197K, capacity 8387K, committed 8492K, reserved 1048576K
}
Event: 46.943 GC heap before
{Heap before GC invocations=22 (full 4):
 PSYoungGen      total 1185280K, used 1087105K [0x000000076d100000, 0x00000007bfb00000, 0x00000007c0000000)
  eden space 1039360K, 100% used [0x000000076d100000,0x00000007ac800000,0x00000007ac800000)
  from space 145920K, 32% used [0x00000007ac800000,0x00000007af6a07c8,0x00000007b5680000)
  to   space 136704K, 0% used [0x00000007b7580000,0x00000007b7580000,0x00000007bfb00000)
 ParOldGen       total 342016K, used 115661K [0x00000006c7200000, 0x00000006dc000000, 0x000000076d100000)
  object space 342016K, 33% used [0x00000006c7200000,0x00000006ce2f3650,0x00000006dc000000)
 Metaspace       used 79170K, capacity 80071K, committed 80372K, reserved 1120256K
  class space    used 9217K, capacity 9420K, committed 9516K, reserved 1048576K
Event: 47.008 GC heap after
Heap after GC invocations=22 (full 4):
 PSYoungGen      total 1198592K, used 31979K [0x000000076d100000, 0x00000007bed00000, 0x00000007c0000000)
  eden space 1076224K, 0% used [0x000000076d100000,0x000000076d100000,0x00000007aec00000)
  from space 122368K, 26% used [0x00000007b7580000,0x00000007b94bafd0,0x00000007bed00000)
  to   space 131584K, 0% used [0x00000007aec00000,0x00000007aec00000,0x00000007b6c80000)
 ParOldGen       total 342016K, used 160939K [0x00000006c7200000, 0x00000006dc000000, 0x000000076d100000)
  object space 342016K, 47% used [0x00000006c7200000,0x00000006d0f2ae20,0x00000006dc000000)
 Metaspace       used 79170K, capacity 80071K, committed 80372K, reserved 1120256K
  class space    used 9217K, capacity 9420K, committed 9516K, reserved 1048576K
}
Event: 52.870 GC heap before
{Heap before GC invocations=23 (full 4):
 PSYoungGen      total 1198592K, used 945000K [0x000000076d100000, 0x00000007bed00000, 0x00000007c0000000)
  eden space 1076224K, 84% used [0x000000076d100000,0x00000007a4c9f340,0x00000007aec00000)
  from space 122368K, 26% used [0x00000007b7580000,0x00000007b94bafd0,0x00000007bed00000)
  to   space 131584K, 0% used [0x00000007aec00000,0x00000007aec00000,0x00000007b6c80000)
 ParOldGen       total 342016K, used 160939K [0x00000006c7200000, 0x00000006dc000000, 0x000000076d100000)
  object space 342016K, 47% used [0x00000006c7200000,0x00000006d0f2ae20,0x00000006dc000000)
 Metaspace       used 88495K, capacity 89489K, committed 89716K, reserved 1128448K
  class space    used 10417K, capacity 10625K, committed 10668K, reserved 1048576K
Event: 52.947 GC heap after
Heap after GC invocations=23 (full 4):
 PSYoungGen      total 1121792K, used 45466K [0x000000076d100000, 0x00000007bdd00000, 0x00000007c0000000)
  eden space 1076224K, 0% used [0x000000076d100000,0x000000076d100000,0x00000007aec00000)
  from space 45568K, 99% used [0x00000007aec00000,0x00000007b1866b30,0x00000007b1880000)
  to   space 123392K, 0% used [0x00000007b6480000,0x00000007b6480000,0x00000007bdd00000)
 ParOldGen       total 342016K, used 160947K [0x00000006c7200000, 0x00000006dc000000, 0x000000076d100000)
  object space 342016K, 47% used [0x00000006c7200000,0x00000006d0f2ce20,0x00000006dc000000)
 Metaspace       used 88495K, capacity 89489K, committed 89716K, reserved 1128448K
  class space    used 10417K, capacity 10625K, committed 10668K, reserved 1048576K
}
Event: 52.947 GC heap before
{Heap before GC invocations=24 (full 5):
 PSYoungGen      total 1121792K, used 45466K [0x000000076d100000, 0x00000007bdd00000, 0x00000007c0000000)
  eden space 1076224K, 0% used [0x000000076d100000,0x000000076d100000,0x00000007aec00000)
  from space 45568K, 99% used [0x00000007aec00000,0x00000007b1866b30,0x00000007b1880000)
  to   space 123392K, 0% used [0x00000007b6480000,0x00000007b6480000,0x00000007bdd00000)
 ParOldGen       total 342016K, used 160947K [0x00000006c7200000, 0x00000006dc000000, 0x000000076d100000)
  object space 342016K, 47% used [0x00000006c7200000,0x00000006d0f2ce20,0x00000006dc000000)
 Metaspace       used 88495K, capacity 89489K, committed 89716K, reserved 1128448K
  class space    used 10417K, capacity 10625K, committed 10668K, reserved 1048576K
Event: 53.672 GC heap after
Heap after GC invocations=24 (full 5):
 PSYoungGen      total 1121792K, used 0K [0x000000076d100000, 0x00000007bdd00000, 0x00000007c0000000)
  eden space 1076224K, 0% used [0x000000076d100000,0x000000076d100000,0x00000007aec00000)
  from space 45568K, 0% used [0x00000007aec00000,0x00000007aec00000,0x00000007b1880000)
  to   space 123392K, 0% used [0x00000007b6480000,0x00000007b6480000,0x00000007bdd00000)
 ParOldGen       total 342016K, used 181325K [0x00000006c7200000, 0x00000006dc000000, 0x000000076d100000)
  object space 342016K, 53% used [0x00000006c7200000,0x00000006d2313428,0x00000006dc000000)
 Metaspace       used 88491K, capacity 89483K, committed 89716K, reserved 1128448K
  class space    used 10416K, capacity 10624K, committed 10668K, reserved 1048576K
}

