# JRE version: Java(TM) SE Runtime Environment (8.0_60-b27) (build 1.8.0_60-b27)
# Java VM: Java HotSpot(TM) 64-Bit Server VM (25.60-b23 mixed mode linux-amd64 compressed oops)
Heap:
 PSYoungGen      total 1228800K, used 760646K [0x000000076d100000, 0x00000007bfb80000, 0x00000007c0000000)
  eden space 1104384K, 68% used [0x000000076d100000,0x000000079b7d1858,0x00000007b0780000)
  from space 124416K, 0% used [0x00000007b8200000,0x00000007b8200000,0x00000007bfb80000)
  to   space 124928K, 0% used [0x00000007b0780000,0x00000007b0780000,0x00000007b8180000)
 ParOldGen       total 419840K, used 202531K [0x00000006c7200000, 0x00000006e0c00000, 0x000000076d100000)
  object space 419840K, 48% used [0x00000006c7200000,0x00000006d37c8c50,0x00000006e0c00000)
 Metaspace       used 97817K, capacity 99299K, committed 99584K, reserved 1136640K
  class space    used 11626K, capacity 11912K, committed 12032K, reserved 1048576K
GC Heap History (10 events):
Event: 36.212 GC heap before
{Heap before GC invocations=21 (full 4):
 PSYoungGen      total 1178624K, used 42688K [0x000000076d100000, 0x00000007bfe80000, 0x00000007c0000000)
  eden space 1027584K, 0% used [0x000000076d100000,0x000000076d100000,0x00000007abc80000)
  from space 151040K, 28% used [0x00000007abc80000,0x00000007ae6303b8,0x00000007b5000000)
  to   space 142336K, 0% used [0x00000007b7380000,0x00000007b7380000,0x00000007bfe80000)
 ParOldGen       total 299008K, used 147907K [0x00000006c7200000, 0x00000006d9600000, 0x000000076d100000)
  object space 299008K, 49% used [0x00000006c7200000,0x00000006d0270df8,0x00000006d9600000)
 Metaspace       used 70120K, capacity 70893K, committed 71040K, reserved 1112064K
  class space    used 8212K, capacity 8385K, committed 8448K, reserved 1048576K
Event: 36.814 GC heap after
Heap after GC invocations=21 (full 4):
 PSYoungGen      total 1178624K, used 0K [0x000000076d100000, 0x00000007bfe80000, 0x00000007c0000000)
  eden space 1027584K, 0% used [0x000000076d100000,0x000000076d100000,0x00000007abc80000)
  from space 151040K, 0% used [0x00000007abc80000,0x00000007abc80000,0x00000007b5000000)
  to   space 142336K, 0% used [0x00000007b7380000,0x00000007b7380000,0x00000007bfe80000)
 ParOldGen       total 419840K, used 172939K [0x00000006c7200000, 0x00000006e0c00000, 0x000000076d100000)
  object space 419840K, 41% used [0x00000006c7200000,0x00000006d1ae2fa0,0x00000006e0c00000)
 Metaspace       used 70112K, capacity 70881K, committed 71040K, reserved 1112064K
  class space    used 8211K, capacity 8383K, committed 8448K, reserved 1048576K
}
Event: 44.076 GC heap before
{Heap before GC invocations=22 (full 4):
 PSYoungGen      total 1178624K, used 1027584K [0x000000076d100000, 0x00000007bfe80000, 0x00000007c0000000)
  eden space 1027584K, 100% used [0x000000076d100000,0x00000007abc80000,0x00000007abc80000)
  from space 151040K, 0% used [0x00000007abc80000,0x00000007abc80000,0x00000007b5000000)
  to   space 142336K, 0% used [0x00000007b7380000,0x00000007b7380000,0x00000007bfe80000)
 ParOldGen       total 419840K, used 172939K [0x00000006c7200000, 0x00000006e0c00000, 0x000000076d100000)
  object space 419840K, 41% used [0x00000006c7200000,0x00000006d1ae2fa0,0x00000006e0c00000)
 Metaspace       used 77682K, capacity 78563K, committed 78848K, reserved 1118208K
  class space    used 8950K, capacity 9130K, committed 9216K, reserved 1048576K
Event: 44.125 GC heap after
Heap after GC invocations=22 (full 4):
 PSYoungGen      total 1185280K, used 39118K [0x000000076d100000, 0x00000007be880000, 0x00000007c0000000)
  eden space 1065472K, 0% used [0x000000076d100000,0x000000076d100000,0x00000007ae180000)
  from space 119808K, 32% used [0x00000007b7380000,0x00000007b99b3be0,0x00000007be880000)
  to   space 134656K, 0% used [0x00000007ae180000,0x00000007ae180000,0x00000007b6500000)
 ParOldGen       total 419840K, used 172947K [0x00000006c7200000, 0x00000006e0c00000, 0x000000076d100000)
  object space 419840K, 41% used [0x00000006c7200000,0x00000006d1ae4fa0,0x00000006e0c00000)
 Metaspace       used 77682K, capacity 78563K, committed 78848K, reserved 1118208K
  class space    used 8950K, capacity 9130K, committed 9216K, reserved 1048576K
}
Event: 49.358 GC heap before
{Heap before GC invocations=23 (full 4):
 PSYoungGen      total 1185280K, used 1104590K [0x000000076d100000, 0x00000007be880000, 0x00000007c0000000)
  eden space 1065472K, 100% used [0x000000076d100000,0x00000007ae180000,0x00000007ae180000)
  from space 119808K, 32% used [0x00000007b7380000,0x00000007b99b3be0,0x00000007be880000)
  to   space 134656K, 0% used [0x00000007ae180000,0x00000007ae180000,0x00000007b6500000)
 ParOldGen       total 419840K, used 172947K [0x00000006c7200000, 0x00000006e0c00000, 0x000000076d100000)
  object space 419840K, 41% used [0x00000006c7200000,0x00000006d1ae4fa0,0x00000006e0c00000)
 Metaspace       used 88705K, capacity 89629K, committed 89984K, reserved 1128448K
  class space    used 10377K, capacity 10585K, committed 10624K, reserved 1048576K
Event: 49.424 GC heap after
Heap after GC invocations=23 (full 4):
 PSYoungGen      total 1200128K, used 31038K [0x000000076d100000, 0x00000007c0000000, 0x00000007c0000000)
  eden space 1065472K, 0% used [0x000000076d100000,0x000000076d100000,0x00000007ae180000)
  from space 134656K, 23% used [0x00000007ae180000,0x00000007affcfbf8,0x00000007b6500000)
  to   space 129024K, 0% used [0x00000007b8200000,0x00000007b8200000,0x00000007c0000000)
 ParOldGen       total 419840K, used 206046K [0x00000006c7200000, 0x00000006e0c00000, 0x000000076d100000)
  object space 419840K, 49% used [0x00000006c7200000,0x00000006d3b37950,0x00000006e0c00000)
 Metaspace       used 88705K, capacity 89629K, committed 89984K, reserved 1128448K
  class space    used 10377K, capacity 10585K, committed 10624K, reserved 1048576K
}
Event: 51.668 GC heap before
{Heap before GC invocations=24 (full 4):
 PSYoungGen      total 1200128K, used 288200K [0x000000076d100000, 0x00000007c0000000, 0x00000007c0000000)
  eden space 1065472K, 24% used [0x000000076d100000,0x000000077cc225a8,0x00000007ae180000)
  from space 134656K, 23% used [0x00000007ae180000,0x00000007affcfbf8,0x00000007b6500000)
  to   space 129024K, 0% used [0x00000007b8200000,0x00000007b8200000,0x00000007c0000000)
 ParOldGen       total 419840K, used 206046K [0x00000006c7200000, 0x00000006e0c00000, 0x000000076d100000)
  object space 419840K, 49% used [0x00000006c7200000,0x00000006d3b37950,0x00000006e0c00000)
 Metaspace       used 90940K, capacity 91895K, committed 92160K, reserved 1130496K
  class space    used 10717K, capacity 10950K, committed 11008K, reserved 1048576K
Event: 51.686 GC heap after
Heap after GC invocations=24 (full 4):
 PSYoungGen      total 1228800K, used 24165K [0x000000076d100000, 0x00000007bfb80000, 0x00000007c0000000)
  eden space 1104384K, 0% used [0x000000076d100000,0x000000076d100000,0x00000007b0780000)
  from space 124416K, 19% used [0x00000007b8200000,0x00000007b9999428,0x00000007bfb80000)
  to   space 124928K, 0% used [0x00000007b0780000,0x00000007b0780000,0x00000007b8180000)
 ParOldGen       total 419840K, used 206054K [0x00000006c7200000, 0x00000006e0c00000, 0x000000076d100000)
  object space 419840K, 49% used [0x00000006c7200000,0x00000006d3b39950,0x00000006e0c00000)
 Metaspace       used 90940K, capacity 91895K, committed 92160K, reserved 1130496K
  class space    used 10717K, capacity 10950K, committed 11008K, reserved 1048576K
}
Event: 51.686 GC heap before
{Heap before GC invocations=25 (full 5):
 PSYoungGen      total 1228800K, used 24165K [0x000000076d100000, 0x00000007bfb80000, 0x00000007c0000000)
  eden space 1104384K, 0% used [0x000000076d100000,0x000000076d100000,0x00000007b0780000)
  from space 124416K, 19% used [0x00000007b8200000,0x00000007b9999428,0x00000007bfb80000)
  to   space 124928K, 0% used [0x00000007b0780000,0x00000007b0780000,0x00000007b8180000)
 ParOldGen       total 419840K, used 206054K [0x00000006c7200000, 0x00000006e0c00000, 0x000000076d100000)
  object space 419840K, 49% used [0x00000006c7200000,0x00000006d3b39950,0x00000006e0c00000)
 Metaspace       used 90940K, capacity 91895K, committed 92160K, reserved 1130496K
  class space    used 10717K, capacity 10950K, committed 11008K, reserved 1048576K
Event: 52.234 GC heap after
Heap after GC invocations=25 (full 5):
 PSYoungGen      total 1228800K, used 0K [0x000000076d100000, 0x00000007bfb80000, 0x00000007c0000000)
  eden space 1104384K, 0% used [0x000000076d100000,0x000000076d100000,0x00000007b0780000)
  from space 124416K, 0% used [0x00000007b8200000,0x00000007b8200000,0x00000007bfb80000)
  to   space 124928K, 0% used [0x00000007b0780000,0x00000007b0780000,0x00000007b8180000)
 ParOldGen       total 419840K, used 202531K [0x00000006c7200000, 0x00000006e0c00000, 0x000000076d100000)
  object space 419840K, 48% used [0x00000006c7200000,0x00000006d37c8c50,0x00000006e0c00000)
 Metaspace       used 90940K, capacity 91895K, committed 92160K, reserved 1130496K
  class space    used 10717K, capacity 10950K, committed 11008K, reserved 1048576K
}

